<?xml version="1.0" encoding="UTF-8"?>
<testsuite xmlns:xsi="http://www.w3.org/2001/XMLSchema-instance" xsi:noNamespaceSchemaLocation="https://maven.apache.org/surefire/maven-surefire-plugin/xsd/surefire-test-report-3.0.xsd" version="3.0" name="com.mycompany.emprestimodelivro.LeitorTest" time="0.048" tests="3" errors="0" skipped="0" failures="0">
  <properties>
[...]
</properties>
  <testcase name="testEhValidoParaInclusao_Valido" classname="com.mycompany.emprestimodelivro.LeitorTest" time="0.022"/>
  <testcase name="testEhValidoParaInclusao_IdInvalido" classname="com.mycompany.emprestimodelivro.LeitorTest" time="0.003"/>
  <testcase name="testEhValidoParaInclusao_NomeInvalido" classname="com.mycompany.emprestimodelivro.LeitorTest" time="0.001"/>
</testsuite>